Start testing: Jan 12 11:44 UTC
----------------------------------------------------------
1/3 Testing: test1
1/3 Test: test1
Command: "/home/travis/build/TheSpyGeek/DevOps_CPP_Template/test1"
Directory: /home/travis/build/TheSpyGeek/DevOps_CPP_Template
"test1" start time: Jan 12 11:44 UTC
Output:
----------------------------------------------------------
<end of output>
Test time =   0.00 sec
----------------------------------------------------------
Test Passed.
"test1" end time: Jan 12 11:44 UTC
"test1" time elapsed: 00:00:00
----------------------------------------------------------

2/3 Testing: test2
2/3 Test: test2
Command: "/home/travis/build/TheSpyGeek/DevOps_CPP_Template/test2"
Directory: /home/travis/build/TheSpyGeek/DevOps_CPP_Template
"test2" start time: Jan 12 11:44 UTC
Output:
----------------------------------------------------------
Test 2
<end of output>
Test time =   0.00 sec
----------------------------------------------------------
Test Passed.
"test2" end time: Jan 12 11:44 UTC
"test2" time elapsed: 00:00:00
----------------------------------------------------------

3/3 Testing: test3
3/3 Test: test3
Command: "/home/travis/build/TheSpyGeek/DevOps_CPP_Template/test3"
Directory: /home/travis/build/TheSpyGeek/DevOps_CPP_Template
"test3" start time: Jan 12 11:44 UTC
Output:
----------------------------------------------------------
<end of output>
Test time =   0.00 sec
----------------------------------------------------------
Test Passed.
"test3" end time: Jan 12 11:44 UTC
"test3" time elapsed: 00:00:00
----------------------------------------------------------

End testing: Jan 12 11:44 UTC
